\BOOKMARK [0][-]{chapter.1}{Acknowledgements}{}% 1
\BOOKMARK [0][-]{section*.1}{Contents}{}% 2
\BOOKMARK [0][-]{chapter.2}{Introduction}{}% 3
\BOOKMARK [0][-]{chapter.3}{Stellar Structure and Evolution}{}% 4
\BOOKMARK [1][-]{section.3.1}{Energy transport by convection}{chapter.3}% 5
\BOOKMARK [1][-]{section.3.2}{Stellar evolution through the HR-diagram}{chapter.3}% 6
\BOOKMARK [0][-]{chapter.4}{An introduction to asteroseismology}{}% 7
\BOOKMARK [1][-]{section.4.1}{Stellar pulsations}{chapter.4}% 8
\BOOKMARK [2][-]{subsection.4.1.1}{Pressure and Gravity modes}{section.4.1}% 9
\BOOKMARK [0][-]{chapter.5}{The Delta Scuti stars}{}% 10
\BOOKMARK [1][-]{section.5.1}{The pulsation HR-diagram and the driving mechanisms}{chapter.5}% 11
\BOOKMARK [1][-]{section.5.2}{Why Delta Sct stars?}{chapter.5}% 12
\BOOKMARK [1][-]{section.5.3}{The delta Scuti stars 44 Tau and Superstar}{chapter.5}% 13
\BOOKMARK [2][-]{subsection.5.3.1}{44 Tau}{section.5.3}% 14
\BOOKMARK [2][-]{subsection.5.3.2}{HD 187547}{section.5.3}% 15
\BOOKMARK [0][-]{chapter.6}{Computational tools}{}% 16
\BOOKMARK [1][-]{section.6.1}{MESA}{chapter.6}% 17
\BOOKMARK [2][-]{subsection.6.1.1}{Stellar structure and evolution}{section.6.1}% 18
\BOOKMARK [2][-]{subsection.6.1.2}{Output}{section.6.1}% 19
\BOOKMARK [2][-]{subsection.6.1.3}{Convection treatment}{section.6.1}% 20
\BOOKMARK [2][-]{subsection.6.1.4}{Element abundance mixtures}{section.6.1}% 21
\BOOKMARK [2][-]{subsection.6.1.5}{Equation of state}{section.6.1}% 22
\BOOKMARK [2][-]{subsection.6.1.6}{Opacity data}{section.6.1}% 23
\BOOKMARK [1][-]{section.6.2}{GYRE}{chapter.6}% 24
\BOOKMARK [2][-]{subsection.6.2.1}{Input and output options}{section.6.2}% 25
\BOOKMARK [0][-]{chapter.7}{Modeling 44 Tau and Superstar}{}% 26
\BOOKMARK [1][-]{section.7.1}{Choosing a grid}{chapter.7}% 27
\BOOKMARK [1][-]{section.7.2}{Resolution and varcontrol}{chapter.7}% 28
\BOOKMARK [1][-]{section.7.3}{chi2 testing}{chapter.7}% 29
\BOOKMARK [2][-]{subsection.7.3.1}{Finding the best model}{section.7.3}% 30
\BOOKMARK [2][-]{subsection.7.3.2}{44 Tau}{section.7.3}% 31
\BOOKMARK [3][-]{subsubsection.7.3.2.1}{l=0 modes}{subsection.7.3.2}% 32
\BOOKMARK [3][-]{subsubsection.7.3.2.2}{l=0,1,2 modes}{subsection.7.3.2}% 33
\BOOKMARK [2][-]{subsection.7.3.3}{Results}{section.7.3}% 34
\BOOKMARK [1][-]{section.7.4}{Superstar}{chapter.7}% 35
\BOOKMARK [2][-]{subsection.7.4.1}{Results}{section.7.4}% 36
\BOOKMARK [0][-]{chapter.8}{Discussion and future work}{}% 37
\BOOKMARK [1][-]{section.8.1}{Grid considerations}{chapter.8}% 38
\BOOKMARK [1][-]{section.8.2}{Stringent statistics}{chapter.8}% 39
\BOOKMARK [0][-]{chapter.9}{Conclusions}{}% 40
\BOOKMARK [0][-]{section*.35}{Bibliography}{}% 41
